2023-03-05 16:44:22,227[WARN ][123][http-nio-8091-exec-6] org.springframework.core.LocalVariableTableParameterNameDiscoverer--Using deprecated '-debug' fallback for parameter name resolution. Compile the affected code with '-parameters' instead or avoid its introspection: com.srivn.works.smlibrary.controls.UtilControls
2023-03-05 16:44:22,260[WARN ][123][http-nio-8091-exec-6] org.springframework.core.LocalVariableTableParameterNameDiscoverer--Using deprecated '-debug' fallback for parameter name resolution. Compile the affected code with '-parameters' instead or avoid its introspection: com.srivn.works.smlibrary.controls.ManageLibControl
2023-03-05 16:44:22,347[WARN ][123][http-nio-8091-exec-6] org.springframework.core.LocalVariableTableParameterNameDiscoverer--Using deprecated '-debug' fallback for parameter name resolution. Compile the affected code with '-parameters' instead or avoid its introspection: com.srivn.works.smlibrary.controls.WelcomeControl
2023-03-05 16:44:22,360[INFO ][401][http-nio-8091-exec-6] org.springdoc.api.AbstractOpenApiResource--Init duration for springdoc-openapi is: 190 ms
2023-03-05 16:46:21,838[INFO ][211][File Watcher] org.springframework.boot.devtools.autoconfigure.LocalDevToolsAutoConfiguration$RestartingClassPathChangeChangedEventListener--Restarting due to 2 class path changes (0 additions, 0 deletions, 2 modifications)
2023-03-05 16:46:21,869[INFO ][173][Thread-6] org.apache.juli.logging.DirectJDKLog--Pausing ProtocolHandler ["http-nio-8091"]
2023-03-05 16:46:21,869[INFO ][173][Thread-6] org.apache.juli.logging.DirectJDKLog--Stopping service [Tomcat]
2023-03-05 16:46:21,871[INFO ][173][Thread-6] org.apache.juli.logging.DirectJDKLog--Destroying Spring FrameworkServlet 'dispatcherServlet'
2023-03-05 16:46:21,876[INFO ][173][Thread-6] org.apache.juli.logging.DirectJDKLog--Stopping ProtocolHandler ["http-nio-8091"]
2023-03-05 16:46:21,884[INFO ][173][Thread-6] org.apache.juli.logging.DirectJDKLog--Destroying ProtocolHandler ["http-nio-8091"]
2023-03-05 16:46:21,889[INFO ][650][Thread-6] org.springframework.orm.jpa.AbstractEntityManagerFactoryBean--Closing JPA EntityManagerFactory for persistence unit 'default'
2023-03-05 16:46:21,893[INFO ][350][Thread-6] com.zaxxer.hikari.HikariDataSource--HikariPool-1 - Shutdown initiated...
2023-03-05 16:46:21,906[INFO ][352][Thread-6] com.zaxxer.hikari.HikariDataSource--HikariPool-1 - Shutdown completed.
2023-03-05 16:46:21,984[INFO ][51][restartedMain] org.springframework.boot.StartupInfoLogger--Starting SmlibraryApplication using Java 17.0.6 with PID 5400 (C:\HiteshWork\SRIVN_WORKS\Dev\smaster\services\srivn-sm-library\target\classes started by hitesh in C:\HiteshWork\SRIVN_WORKS\Dev\smaster\services\srivn-sm-library)
2023-03-05 16:46:21,984[INFO ][632][restartedMain] org.springframework.boot.SpringApplication--No active profile set, falling back to 1 default profile: "default"
2023-03-05 16:46:22,305[INFO ][138][restartedMain] org.springframework.data.repository.config.RepositoryConfigurationDelegate--Bootstrapping Spring Data JPA repositories in DEFAULT mode.
2023-03-05 16:46:22,318[INFO ][208][restartedMain] org.springframework.data.repository.config.RepositoryConfigurationDelegate--Finished Spring Data repository scanning in 13 ms. Found 3 JPA repository interfaces.
2023-03-05 16:46:22,413[INFO ][108][restartedMain] org.springframework.boot.web.embedded.tomcat.TomcatWebServer--Tomcat initialized with port(s): 8091 (http)
2023-03-05 16:46:22,414[INFO ][173][restartedMain] org.apache.juli.logging.DirectJDKLog--Initializing ProtocolHandler ["http-nio-8091"]
2023-03-05 16:46:22,414[INFO ][173][restartedMain] org.apache.juli.logging.DirectJDKLog--Starting service [Tomcat]
2023-03-05 16:46:22,415[INFO ][173][restartedMain] org.apache.juli.logging.DirectJDKLog--Starting Servlet engine: [Apache Tomcat/10.1.5]
2023-03-05 16:46:22,435[INFO ][173][restartedMain] org.apache.juli.logging.DirectJDKLog--Initializing Spring embedded WebApplicationContext
2023-03-05 16:46:22,435[INFO ][291][restartedMain] org.springframework.boot.web.servlet.context.ServletWebServerApplicationContext--Root WebApplicationContext: initialization completed in 449 ms
2023-03-05 16:46:22,479[INFO ][110][restartedMain] com.zaxxer.hikari.HikariDataSource--HikariPool-2 - Starting...
2023-03-05 16:46:22,499[INFO ][565][restartedMain] com.zaxxer.hikari.pool.HikariPool--HikariPool-2 - Added connection conn11: url=jdbc:h2:file:/data/demo user=SA
2023-03-05 16:46:22,499[INFO ][123][restartedMain] com.zaxxer.hikari.HikariDataSource--HikariPool-2 - Start completed.
2023-03-05 16:46:22,500[INFO ][88][restartedMain] org.springframework.boot.autoconfigure.h2.H2ConsoleAutoConfiguration--H2 console available at '/h2-console'. Database available at 'jdbc:h2:file:/data/demo'
2023-03-05 16:46:22,541[INFO ][31][restartedMain] org.hibernate.jpa.internal.util.LogHelper--HHH000204: Processing PersistenceUnitInfo [name: default]
2023-03-05 16:46:22,550[INFO ][66][restartedMain] org.hibernate.engine.jdbc.dialect.internal.DialectFactoryImpl--HHH000400: Using dialect: org.hibernate.dialect.H2Dialect
2023-03-05 16:46:22,602[INFO ][51][restartedMain] org.hibernate.engine.transaction.jta.platform.internal.JtaPlatformInitiator--HHH000490: Using JtaPlatform implementation: [org.hibernate.engine.transaction.jta.platform.internal.NoJtaPlatform]
2023-03-05 16:46:22,603[INFO ][437][restartedMain] org.springframework.orm.jpa.AbstractEntityManagerFactoryBean--Initialized JPA EntityManagerFactory for persistence unit 'default'
2023-03-05 16:46:22,719[WARN ][231][restartedMain] org.springframework.boot.autoconfigure.orm.jpa.JpaBaseConfiguration$JpaWebConfiguration--spring.jpa.open-in-view is enabled by default. Therefore, database queries may be performed during view rendering. Explicitly configure spring.jpa.open-in-view to disable this warning
2023-03-05 16:46:23,213[INFO ][59][restartedMain] org.springframework.boot.devtools.autoconfigure.OptionalLiveReloadServer--LiveReload server is running on port 35729
2023-03-05 16:46:23,218[INFO ][58][restartedMain] org.springframework.boot.actuate.endpoint.web.EndpointLinksResolver--Exposing 1 endpoint(s) beneath base path '/actuator'
2023-03-05 16:46:23,244[INFO ][173][restartedMain] org.apache.juli.logging.DirectJDKLog--Starting ProtocolHandler ["http-nio-8091"]
2023-03-05 16:46:23,248[INFO ][220][restartedMain] org.springframework.boot.web.embedded.tomcat.TomcatWebServer--Tomcat started on port(s): 8091 (http) with context path '/sm-library'
2023-03-05 16:46:23,262[INFO ][57][restartedMain] org.springframework.boot.StartupInfoLogger--Started SmlibraryApplication in 1.306 seconds (process running for 379.42)
2023-03-05 16:46:23,266[INFO ][63][restartedMain] org.springframework.boot.devtools.autoconfigure.ConditionEvaluationDeltaLoggingListener--Condition evaluation unchanged
2023-03-05 16:46:24,314[INFO ][159][RMI TCP Connection(17)-127.0.0.1] org.springframework.boot.admin.SpringApplicationAdminMXBeanRegistrar$SpringApplicationAdmin--Application shutdown requested.
2023-03-05 16:46:24,322[INFO ][173][RMI TCP Connection(17)-127.0.0.1] org.apache.juli.logging.DirectJDKLog--Pausing ProtocolHandler ["http-nio-8091"]
2023-03-05 16:46:24,322[INFO ][173][RMI TCP Connection(17)-127.0.0.1] org.apache.juli.logging.DirectJDKLog--Stopping service [Tomcat]
2023-03-05 16:46:24,324[INFO ][173][RMI TCP Connection(17)-127.0.0.1] org.apache.juli.logging.DirectJDKLog--Stopping ProtocolHandler ["http-nio-8091"]
2023-03-05 16:46:24,326[INFO ][173][RMI TCP Connection(17)-127.0.0.1] org.apache.juli.logging.DirectJDKLog--Destroying ProtocolHandler ["http-nio-8091"]
2023-03-05 16:46:24,329[INFO ][650][RMI TCP Connection(17)-127.0.0.1] org.springframework.orm.jpa.AbstractEntityManagerFactoryBean--Closing JPA EntityManagerFactory for persistence unit 'default'
2023-03-05 16:46:24,330[INFO ][350][RMI TCP Connection(17)-127.0.0.1] com.zaxxer.hikari.HikariDataSource--HikariPool-2 - Shutdown initiated...
2023-03-05 16:46:24,331[INFO ][352][RMI TCP Connection(17)-127.0.0.1] com.zaxxer.hikari.HikariDataSource--HikariPool-2 - Shutdown completed.
2023-03-05 16:48:18,290[INFO ][21][background-preinit] org.hibernate.validator.internal.util.Version--HV000001: Hibernate Validator 8.0.0.Final
2023-03-05 16:48:18,332[INFO ][51][restartedMain] org.springframework.boot.StartupInfoLogger--Starting SmlibraryApplication using Java 17.0.6 with PID 10468 (C:\HiteshWork\SRIVN_WORKS\Dev\smaster\services\srivn-sm-library\target\classes started by hitesh in C:\HiteshWork\SRIVN_WORKS\Dev\smaster\services\srivn-sm-library)
2023-03-05 16:48:18,333[INFO ][632][restartedMain] org.springframework.boot.SpringApplication--No active profile set, falling back to 1 default profile: "default"
2023-03-05 16:48:18,377[INFO ][250][restartedMain] org.springframework.boot.logging.DeferredLog--Devtools property defaults active! Set 'spring.devtools.add-properties' to 'false' to disable
2023-03-05 16:48:18,377[INFO ][250][restartedMain] org.springframework.boot.logging.DeferredLog--For additional web related logging consider setting the 'logging.level.web' property to 'DEBUG'
2023-03-05 16:48:19,350[INFO ][138][restartedMain] org.springframework.data.repository.config.RepositoryConfigurationDelegate--Bootstrapping Spring Data JPA repositories in DEFAULT mode.
2023-03-05 16:48:19,409[INFO ][208][restartedMain] org.springframework.data.repository.config.RepositoryConfigurationDelegate--Finished Spring Data repository scanning in 50 ms. Found 3 JPA repository interfaces.
2023-03-05 16:48:19,975[INFO ][108][restartedMain] org.springframework.boot.web.embedded.tomcat.TomcatWebServer--Tomcat initialized with port(s): 8091 (http)
2023-03-05 16:48:19,984[INFO ][173][restartedMain] org.apache.juli.logging.DirectJDKLog--Initializing ProtocolHandler ["http-nio-8091"]
2023-03-05 16:48:19,985[INFO ][173][restartedMain] org.apache.juli.logging.DirectJDKLog--Starting service [Tomcat]
2023-03-05 16:48:19,986[INFO ][173][restartedMain] org.apache.juli.logging.DirectJDKLog--Starting Servlet engine: [Apache Tomcat/10.1.5]
2023-03-05 16:48:20,052[INFO ][173][restartedMain] org.apache.juli.logging.DirectJDKLog--Initializing Spring embedded WebApplicationContext
2023-03-05 16:48:20,052[INFO ][291][restartedMain] org.springframework.boot.web.servlet.context.ServletWebServerApplicationContext--Root WebApplicationContext: initialization completed in 1674 ms
2023-03-05 16:48:20,146[INFO ][110][restartedMain] com.zaxxer.hikari.HikariDataSource--HikariPool-1 - Starting...
2023-03-05 16:48:20,372[INFO ][565][restartedMain] com.zaxxer.hikari.pool.HikariPool--HikariPool-1 - Added connection conn0: url=jdbc:h2:file:/data/demo user=SA
2023-03-05 16:48:20,374[INFO ][123][restartedMain] com.zaxxer.hikari.HikariDataSource--HikariPool-1 - Start completed.
2023-03-05 16:48:20,385[INFO ][88][restartedMain] org.springframework.boot.autoconfigure.h2.H2ConsoleAutoConfiguration--H2 console available at '/h2-console'. Database available at 'jdbc:h2:file:/data/demo'
2023-03-05 16:48:20,517[INFO ][31][restartedMain] org.hibernate.jpa.internal.util.LogHelper--HHH000204: Processing PersistenceUnitInfo [name: default]
2023-03-05 16:48:20,565[INFO ][44][restartedMain] org.hibernate.Version--HHH000412: Hibernate ORM core version 6.1.7.Final
2023-03-05 16:48:20,847[INFO ][66][restartedMain] org.hibernate.engine.jdbc.dialect.internal.DialectFactoryImpl--HHH000400: Using dialect: org.hibernate.dialect.H2Dialect
2023-03-05 16:48:21,625[INFO ][51][restartedMain] org.hibernate.engine.transaction.jta.platform.internal.JtaPlatformInitiator--HHH000490: Using JtaPlatform implementation: [org.hibernate.engine.transaction.jta.platform.internal.NoJtaPlatform]
2023-03-05 16:48:21,635[INFO ][437][restartedMain] org.springframework.orm.jpa.AbstractEntityManagerFactoryBean--Initialized JPA EntityManagerFactory for persistence unit 'default'
2023-03-05 16:48:22,163[WARN ][231][restartedMain] org.springframework.boot.autoconfigure.orm.jpa.JpaBaseConfiguration$JpaWebConfiguration--spring.jpa.open-in-view is enabled by default. Therefore, database queries may be performed during view rendering. Explicitly configure spring.jpa.open-in-view to disable this warning
2023-03-05 16:48:23,175[INFO ][59][restartedMain] org.springframework.boot.devtools.autoconfigure.OptionalLiveReloadServer--LiveReload server is running on port 35729
2023-03-05 16:48:23,180[INFO ][58][restartedMain] org.springframework.boot.actuate.endpoint.web.EndpointLinksResolver--Exposing 1 endpoint(s) beneath base path '/actuator'
2023-03-05 16:48:23,245[INFO ][173][restartedMain] org.apache.juli.logging.DirectJDKLog--Starting ProtocolHandler ["http-nio-8091"]
2023-03-05 16:48:23,268[INFO ][220][restartedMain] org.springframework.boot.web.embedded.tomcat.TomcatWebServer--Tomcat started on port(s): 8091 (http) with context path '/sm-library'
2023-03-05 16:48:23,284[INFO ][57][restartedMain] org.springframework.boot.StartupInfoLogger--Started SmlibraryApplication in 5.431 seconds (process running for 6.155)
2023-03-05 16:49:09,783[INFO ][173][http-nio-8091-exec-10] org.apache.juli.logging.DirectJDKLog--Initializing Spring DispatcherServlet 'dispatcherServlet'
2023-03-05 16:49:09,783[INFO ][532][http-nio-8091-exec-10] org.springframework.web.servlet.FrameworkServlet--Initializing Servlet 'dispatcherServlet'
2023-03-05 16:49:09,786[INFO ][554][http-nio-8091-exec-10] org.springframework.web.servlet.FrameworkServlet--Completed initialization in 3 ms
2023-03-05 16:51:45,561[INFO ][159][RMI TCP Connection(12)-127.0.0.1] org.springframework.boot.admin.SpringApplicationAdminMXBeanRegistrar$SpringApplicationAdmin--Application shutdown requested.
2023-03-05 16:51:45,574[INFO ][173][RMI TCP Connection(12)-127.0.0.1] org.apache.juli.logging.DirectJDKLog--Pausing ProtocolHandler ["http-nio-8091"]
2023-03-05 16:51:45,574[INFO ][173][RMI TCP Connection(12)-127.0.0.1] org.apache.juli.logging.DirectJDKLog--Stopping service [Tomcat]
2023-03-05 16:51:45,575[INFO ][173][RMI TCP Connection(12)-127.0.0.1] org.apache.juli.logging.DirectJDKLog--Destroying Spring FrameworkServlet 'dispatcherServlet'
2023-03-05 16:51:45,578[INFO ][173][RMI TCP Connection(12)-127.0.0.1] org.apache.juli.logging.DirectJDKLog--Stopping ProtocolHandler ["http-nio-8091"]
2023-03-05 16:51:45,580[INFO ][173][RMI TCP Connection(12)-127.0.0.1] org.apache.juli.logging.DirectJDKLog--Destroying ProtocolHandler ["http-nio-8091"]
2023-03-05 16:51:45,585[INFO ][650][RMI TCP Connection(12)-127.0.0.1] org.springframework.orm.jpa.AbstractEntityManagerFactoryBean--Closing JPA EntityManagerFactory for persistence unit 'default'
2023-03-05 16:51:45,588[INFO ][350][RMI TCP Connection(12)-127.0.0.1] com.zaxxer.hikari.HikariDataSource--HikariPool-1 - Shutdown initiated...
2023-03-05 16:51:45,590[INFO ][352][RMI TCP Connection(12)-127.0.0.1] com.zaxxer.hikari.HikariDataSource--HikariPool-1 - Shutdown completed.
2023-03-05 16:51:48,041[INFO ][21][background-preinit] org.hibernate.validator.internal.util.Version--HV000001: Hibernate Validator 8.0.0.Final
2023-03-05 16:51:48,082[INFO ][51][restartedMain] org.springframework.boot.StartupInfoLogger--Starting SmlibraryApplication using Java 17.0.6 with PID 12672 (C:\HiteshWork\SRIVN_WORKS\Dev\smaster\services\srivn-sm-library\target\classes started by hitesh in C:\HiteshWork\SRIVN_WORKS\Dev\smaster\services\srivn-sm-library)
2023-03-05 16:51:48,084[INFO ][632][restartedMain] org.springframework.boot.SpringApplication--No active profile set, falling back to 1 default profile: "default"
2023-03-05 16:51:48,133[INFO ][250][restartedMain] org.springframework.boot.logging.DeferredLog--Devtools property defaults active! Set 'spring.devtools.add-properties' to 'false' to disable
2023-03-05 16:51:48,133[INFO ][250][restartedMain] org.springframework.boot.logging.DeferredLog--For additional web related logging consider setting the 'logging.level.web' property to 'DEBUG'
2023-03-05 16:51:49,072[INFO ][138][restartedMain] org.springframework.data.repository.config.RepositoryConfigurationDelegate--Bootstrapping Spring Data JPA repositories in DEFAULT mode.
2023-03-05 16:51:49,131[INFO ][208][restartedMain] org.springframework.data.repository.config.RepositoryConfigurationDelegate--Finished Spring Data repository scanning in 51 ms. Found 3 JPA repository interfaces.
2023-03-05 16:51:49,673[INFO ][108][restartedMain] org.springframework.boot.web.embedded.tomcat.TomcatWebServer--Tomcat initialized with port(s): 8091 (http)
2023-03-05 16:51:49,682[INFO ][173][restartedMain] org.apache.juli.logging.DirectJDKLog--Initializing ProtocolHandler ["http-nio-8091"]
2023-03-05 16:51:49,683[INFO ][173][restartedMain] org.apache.juli.logging.DirectJDKLog--Starting service [Tomcat]
2023-03-05 16:51:49,683[INFO ][173][restartedMain] org.apache.juli.logging.DirectJDKLog--Starting Servlet engine: [Apache Tomcat/10.1.5]
2023-03-05 16:51:49,749[INFO ][173][restartedMain] org.apache.juli.logging.DirectJDKLog--Initializing Spring embedded WebApplicationContext
2023-03-05 16:51:49,749[INFO ][291][restartedMain] org.springframework.boot.web.servlet.context.ServletWebServerApplicationContext--Root WebApplicationContext: initialization completed in 1615 ms
2023-03-05 16:51:49,841[INFO ][110][restartedMain] com.zaxxer.hikari.HikariDataSource--HikariPool-1 - Starting...
2023-03-05 16:51:50,050[INFO ][565][restartedMain] com.zaxxer.hikari.pool.HikariPool--HikariPool-1 - Added connection conn0: url=jdbc:h2:file:/data/demo user=SA
2023-03-05 16:51:50,051[INFO ][123][restartedMain] com.zaxxer.hikari.HikariDataSource--HikariPool-1 - Start completed.
2023-03-05 16:51:50,066[INFO ][88][restartedMain] org.springframework.boot.autoconfigure.h2.H2ConsoleAutoConfiguration--H2 console available at '/h2-console'. Database available at 'jdbc:h2:file:/data/demo'
2023-03-05 16:51:50,201[INFO ][31][restartedMain] org.hibernate.jpa.internal.util.LogHelper--HHH000204: Processing PersistenceUnitInfo [name: default]
2023-03-05 16:51:50,250[INFO ][44][restartedMain] org.hibernate.Version--HHH000412: Hibernate ORM core version 6.1.7.Final
2023-03-05 16:51:50,533[INFO ][66][restartedMain] org.hibernate.engine.jdbc.dialect.internal.DialectFactoryImpl--HHH000400: Using dialect: org.hibernate.dialect.H2Dialect
2023-03-05 16:51:51,350[INFO ][51][restartedMain] org.hibernate.engine.transaction.jta.platform.internal.JtaPlatformInitiator--HHH000490: Using JtaPlatform implementation: [org.hibernate.engine.transaction.jta.platform.internal.NoJtaPlatform]
2023-03-05 16:51:51,360[INFO ][437][restartedMain] org.springframework.orm.jpa.AbstractEntityManagerFactoryBean--Initialized JPA EntityManagerFactory for persistence unit 'default'
2023-03-05 16:51:51,825[WARN ][231][restartedMain] org.springframework.boot.autoconfigure.orm.jpa.JpaBaseConfiguration$JpaWebConfiguration--spring.jpa.open-in-view is enabled by default. Therefore, database queries may be performed during view rendering. Explicitly configure spring.jpa.open-in-view to disable this warning
2023-03-05 16:51:52,765[INFO ][59][restartedMain] org.springframework.boot.devtools.autoconfigure.OptionalLiveReloadServer--LiveReload server is running on port 35729
2023-03-05 16:51:52,771[INFO ][58][restartedMain] org.springframework.boot.actuate.endpoint.web.EndpointLinksResolver--Exposing 1 endpoint(s) beneath base path '/actuator'
2023-03-05 16:51:52,830[INFO ][173][restartedMain] org.apache.juli.logging.DirectJDKLog--Starting ProtocolHandler ["http-nio-8091"]
2023-03-05 16:51:52,852[INFO ][220][restartedMain] org.springframework.boot.web.embedded.tomcat.TomcatWebServer--Tomcat started on port(s): 8091 (http) with context path '/sm-library'
2023-03-05 16:51:52,869[INFO ][57][restartedMain] org.springframework.boot.StartupInfoLogger--Started SmlibraryApplication in 5.262 seconds (process running for 5.979)
2023-03-05 16:52:15,577[INFO ][173][http-nio-8091-exec-1] org.apache.juli.logging.DirectJDKLog--Initializing Spring DispatcherServlet 'dispatcherServlet'
2023-03-05 16:52:15,577[INFO ][532][http-nio-8091-exec-1] org.springframework.web.servlet.FrameworkServlet--Initializing Servlet 'dispatcherServlet'
2023-03-05 16:52:15,578[INFO ][554][http-nio-8091-exec-1] org.springframework.web.servlet.FrameworkServlet--Completed initialization in 1 ms
2023-03-05 16:52:34,434[INFO ][159][RMI TCP Connection(10)-127.0.0.1] org.springframework.boot.admin.SpringApplicationAdminMXBeanRegistrar$SpringApplicationAdmin--Application shutdown requested.
2023-03-05 16:52:34,446[INFO ][173][RMI TCP Connection(10)-127.0.0.1] org.apache.juli.logging.DirectJDKLog--Pausing ProtocolHandler ["http-nio-8091"]
2023-03-05 16:52:34,446[INFO ][173][RMI TCP Connection(10)-127.0.0.1] org.apache.juli.logging.DirectJDKLog--Stopping service [Tomcat]
2023-03-05 16:52:34,447[INFO ][173][RMI TCP Connection(10)-127.0.0.1] org.apache.juli.logging.DirectJDKLog--Destroying Spring FrameworkServlet 'dispatcherServlet'
2023-03-05 16:52:34,450[INFO ][173][RMI TCP Connection(10)-127.0.0.1] org.apache.juli.logging.DirectJDKLog--Stopping ProtocolHandler ["http-nio-8091"]
2023-03-05 16:52:34,452[INFO ][173][RMI TCP Connection(10)-127.0.0.1] org.apache.juli.logging.DirectJDKLog--Destroying ProtocolHandler ["http-nio-8091"]
2023-03-05 16:52:34,456[INFO ][650][RMI TCP Connection(10)-127.0.0.1] org.springframework.orm.jpa.AbstractEntityManagerFactoryBean--Closing JPA EntityManagerFactory for persistence unit 'default'
2023-03-05 16:52:34,459[INFO ][350][RMI TCP Connection(10)-127.0.0.1] com.zaxxer.hikari.HikariDataSource--HikariPool-1 - Shutdown initiated...
2023-03-05 16:52:34,462[INFO ][352][RMI TCP Connection(10)-127.0.0.1] com.zaxxer.hikari.HikariDataSource--HikariPool-1 - Shutdown completed.
2023-03-05 16:53:14,112[INFO ][21][background-preinit] org.hibernate.validator.internal.util.Version--HV000001: Hibernate Validator 8.0.0.Final
2023-03-05 16:53:14,152[INFO ][51][restartedMain] org.springframework.boot.StartupInfoLogger--Starting SmlibraryApplication using Java 17.0.6 with PID 2620 (C:\HiteshWork\SRIVN_WORKS\Dev\smaster\services\srivn-sm-library\target\classes started by hitesh in C:\HiteshWork\SRIVN_WORKS\Dev\smaster\services\srivn-sm-library)
2023-03-05 16:53:14,153[INFO ][632][restartedMain] org.springframework.boot.SpringApplication--No active profile set, falling back to 1 default profile: "default"
2023-03-05 16:53:14,197[INFO ][250][restartedMain] org.springframework.boot.logging.DeferredLog--Devtools property defaults active! Set 'spring.devtools.add-properties' to 'false' to disable
2023-03-05 16:53:14,197[INFO ][250][restartedMain] org.springframework.boot.logging.DeferredLog--For additional web related logging consider setting the 'logging.level.web' property to 'DEBUG'
2023-03-05 16:53:15,235[INFO ][138][restartedMain] org.springframework.data.repository.config.RepositoryConfigurationDelegate--Bootstrapping Spring Data JPA repositories in DEFAULT mode.
2023-03-05 16:53:15,291[INFO ][208][restartedMain] org.springframework.data.repository.config.RepositoryConfigurationDelegate--Finished Spring Data repository scanning in 49 ms. Found 3 JPA repository interfaces.
2023-03-05 16:53:15,834[INFO ][108][restartedMain] org.springframework.boot.web.embedded.tomcat.TomcatWebServer--Tomcat initialized with port(s): 8091 (http)
2023-03-05 16:53:15,842[INFO ][173][restartedMain] org.apache.juli.logging.DirectJDKLog--Initializing ProtocolHandler ["http-nio-8091"]
2023-03-05 16:53:15,843[INFO ][173][restartedMain] org.apache.juli.logging.DirectJDKLog--Starting service [Tomcat]
2023-03-05 16:53:15,843[INFO ][173][restartedMain] org.apache.juli.logging.DirectJDKLog--Starting Servlet engine: [Apache Tomcat/10.1.5]
2023-03-05 16:53:15,910[INFO ][173][restartedMain] org.apache.juli.logging.DirectJDKLog--Initializing Spring embedded WebApplicationContext
2023-03-05 16:53:15,910[INFO ][291][restartedMain] org.springframework.boot.web.servlet.context.ServletWebServerApplicationContext--Root WebApplicationContext: initialization completed in 1712 ms
2023-03-05 16:53:16,003[INFO ][110][restartedMain] com.zaxxer.hikari.HikariDataSource--HikariPool-1 - Starting...
2023-03-05 16:53:16,225[INFO ][565][restartedMain] com.zaxxer.hikari.pool.HikariPool--HikariPool-1 - Added connection conn0: url=jdbc:h2:file:/data/demo user=SA
2023-03-05 16:53:16,227[INFO ][123][restartedMain] com.zaxxer.hikari.HikariDataSource--HikariPool-1 - Start completed.
2023-03-05 16:53:16,237[INFO ][88][restartedMain] org.springframework.boot.autoconfigure.h2.H2ConsoleAutoConfiguration--H2 console available at '/h2-console'. Database available at 'jdbc:h2:file:/data/demo'
2023-03-05 16:53:16,368[INFO ][31][restartedMain] org.hibernate.jpa.internal.util.LogHelper--HHH000204: Processing PersistenceUnitInfo [name: default]
2023-03-05 16:53:16,417[INFO ][44][restartedMain] org.hibernate.Version--HHH000412: Hibernate ORM core version 6.1.7.Final
2023-03-05 16:53:16,696[INFO ][66][restartedMain] org.hibernate.engine.jdbc.dialect.internal.DialectFactoryImpl--HHH000400: Using dialect: org.hibernate.dialect.H2Dialect
2023-03-05 16:53:17,487[INFO ][51][restartedMain] org.hibernate.engine.transaction.jta.platform.internal.JtaPlatformInitiator--HHH000490: Using JtaPlatform implementation: [org.hibernate.engine.transaction.jta.platform.internal.NoJtaPlatform]
2023-03-05 16:53:17,496[INFO ][437][restartedMain] org.springframework.orm.jpa.AbstractEntityManagerFactoryBean--Initialized JPA EntityManagerFactory for persistence unit 'default'
2023-03-05 16:53:17,936[WARN ][231][restartedMain] org.springframework.boot.autoconfigure.orm.jpa.JpaBaseConfiguration$JpaWebConfiguration--spring.jpa.open-in-view is enabled by default. Therefore, database queries may be performed during view rendering. Explicitly configure spring.jpa.open-in-view to disable this warning
2023-03-05 16:53:18,927[INFO ][59][restartedMain] org.springframework.boot.devtools.autoconfigure.OptionalLiveReloadServer--LiveReload server is running on port 35729
2023-03-05 16:53:18,932[INFO ][58][restartedMain] org.springframework.boot.actuate.endpoint.web.EndpointLinksResolver--Exposing 1 endpoint(s) beneath base path '/actuator'
2023-03-05 16:53:18,995[INFO ][173][restartedMain] org.apache.juli.logging.DirectJDKLog--Starting ProtocolHandler ["http-nio-8091"]
2023-03-05 16:53:19,026[INFO ][220][restartedMain] org.springframework.boot.web.embedded.tomcat.TomcatWebServer--Tomcat started on port(s): 8091 (http) with context path '/sm-library'
2023-03-05 16:53:19,042[INFO ][57][restartedMain] org.springframework.boot.StartupInfoLogger--Started SmlibraryApplication in 5.363 seconds (process running for 6.091)
2023-03-05 16:53:27,257[INFO ][173][http-nio-8091-exec-1] org.apache.juli.logging.DirectJDKLog--Initializing Spring DispatcherServlet 'dispatcherServlet'
2023-03-05 16:53:27,257[INFO ][532][http-nio-8091-exec-1] org.springframework.web.servlet.FrameworkServlet--Initializing Servlet 'dispatcherServlet'
2023-03-05 16:53:27,259[INFO ][554][http-nio-8091-exec-1] org.springframework.web.servlet.FrameworkServlet--Completed initialization in 1 ms
2023-03-05 16:54:04,868[INFO ][159][RMI TCP Connection(9)-127.0.0.1] org.springframework.boot.admin.SpringApplicationAdminMXBeanRegistrar$SpringApplicationAdmin--Application shutdown requested.
2023-03-05 16:54:04,880[INFO ][173][RMI TCP Connection(9)-127.0.0.1] org.apache.juli.logging.DirectJDKLog--Pausing ProtocolHandler ["http-nio-8091"]
2023-03-05 16:54:04,881[INFO ][173][RMI TCP Connection(9)-127.0.0.1] org.apache.juli.logging.DirectJDKLog--Stopping service [Tomcat]
2023-03-05 16:54:04,882[INFO ][173][RMI TCP Connection(9)-127.0.0.1] org.apache.juli.logging.DirectJDKLog--Destroying Spring FrameworkServlet 'dispatcherServlet'
2023-03-05 16:54:04,885[INFO ][173][RMI TCP Connection(9)-127.0.0.1] org.apache.juli.logging.DirectJDKLog--Stopping ProtocolHandler ["http-nio-8091"]
2023-03-05 16:54:04,887[INFO ][173][RMI TCP Connection(9)-127.0.0.1] org.apache.juli.logging.DirectJDKLog--Destroying ProtocolHandler ["http-nio-8091"]
2023-03-05 16:54:04,891[INFO ][650][RMI TCP Connection(9)-127.0.0.1] org.springframework.orm.jpa.AbstractEntityManagerFactoryBean--Closing JPA EntityManagerFactory for persistence unit 'default'
2023-03-05 16:54:04,895[INFO ][350][RMI TCP Connection(9)-127.0.0.1] com.zaxxer.hikari.HikariDataSource--HikariPool-1 - Shutdown initiated...
2023-03-05 16:54:04,897[INFO ][352][RMI TCP Connection(9)-127.0.0.1] com.zaxxer.hikari.HikariDataSource--HikariPool-1 - Shutdown completed.
2023-03-05 16:54:31,690[INFO ][21][background-preinit] org.hibernate.validator.internal.util.Version--HV000001: Hibernate Validator 8.0.0.Final
2023-03-05 16:54:31,734[INFO ][51][restartedMain] org.springframework.boot.StartupInfoLogger--Starting SmlibraryApplication using Java 17.0.6 with PID 12888 (C:\HiteshWork\SRIVN_WORKS\Dev\smaster\services\srivn-sm-library\target\classes started by hitesh in C:\HiteshWork\SRIVN_WORKS\Dev\smaster\services\srivn-sm-library)
2023-03-05 16:54:31,735[INFO ][632][restartedMain] org.springframework.boot.SpringApplication--No active profile set, falling back to 1 default profile: "default"
2023-03-05 16:54:31,786[INFO ][250][restartedMain] org.springframework.boot.logging.DeferredLog--Devtools property defaults active! Set 'spring.devtools.add-properties' to 'false' to disable
2023-03-05 16:54:31,787[INFO ][250][restartedMain] org.springframework.boot.logging.DeferredLog--For additional web related logging consider setting the 'logging.level.web' property to 'DEBUG'
2023-03-05 16:54:32,782[INFO ][138][restartedMain] org.springframework.data.repository.config.RepositoryConfigurationDelegate--Bootstrapping Spring Data JPA repositories in DEFAULT mode.
2023-03-05 16:54:32,841[INFO ][208][restartedMain] org.springframework.data.repository.config.RepositoryConfigurationDelegate--Finished Spring Data repository scanning in 52 ms. Found 3 JPA repository interfaces.
2023-03-05 16:54:33,437[INFO ][108][restartedMain] org.springframework.boot.web.embedded.tomcat.TomcatWebServer--Tomcat initialized with port(s): 8091 (http)
2023-03-05 16:54:33,445[INFO ][173][restartedMain] org.apache.juli.logging.DirectJDKLog--Initializing ProtocolHandler ["http-nio-8091"]
2023-03-05 16:54:33,446[INFO ][173][restartedMain] org.apache.juli.logging.DirectJDKLog--Starting service [Tomcat]
2023-03-05 16:54:33,446[INFO ][173][restartedMain] org.apache.juli.logging.DirectJDKLog--Starting Servlet engine: [Apache Tomcat/10.1.5]
2023-03-05 16:54:33,540[INFO ][173][restartedMain] org.apache.juli.logging.DirectJDKLog--Initializing Spring embedded WebApplicationContext
2023-03-05 16:54:33,543[INFO ][291][restartedMain] org.springframework.boot.web.servlet.context.ServletWebServerApplicationContext--Root WebApplicationContext: initialization completed in 1755 ms
2023-03-05 16:54:33,722[INFO ][110][restartedMain] com.zaxxer.hikari.HikariDataSource--HikariPool-1 - Starting...
2023-03-05 16:54:33,953[INFO ][565][restartedMain] com.zaxxer.hikari.pool.HikariPool--HikariPool-1 - Added connection conn0: url=jdbc:h2:file:/data/demo user=SA
2023-03-05 16:54:33,956[INFO ][123][restartedMain] com.zaxxer.hikari.HikariDataSource--HikariPool-1 - Start completed.
2023-03-05 16:54:33,967[INFO ][88][restartedMain] org.springframework.boot.autoconfigure.h2.H2ConsoleAutoConfiguration--H2 console available at '/h2-console'. Database available at 'jdbc:h2:file:/data/demo'
2023-03-05 16:54:34,113[INFO ][31][restartedMain] org.hibernate.jpa.internal.util.LogHelper--HHH000204: Processing PersistenceUnitInfo [name: default]
2023-03-05 16:54:34,164[INFO ][44][restartedMain] org.hibernate.Version--HHH000412: Hibernate ORM core version 6.1.7.Final
2023-03-05 16:54:34,471[INFO ][66][restartedMain] org.hibernate.engine.jdbc.dialect.internal.DialectFactoryImpl--HHH000400: Using dialect: org.hibernate.dialect.H2Dialect
2023-03-05 16:54:35,327[INFO ][51][restartedMain] org.hibernate.engine.transaction.jta.platform.internal.JtaPlatformInitiator--HHH000490: Using JtaPlatform implementation: [org.hibernate.engine.transaction.jta.platform.internal.NoJtaPlatform]
2023-03-05 16:54:35,338[INFO ][437][restartedMain] org.springframework.orm.jpa.AbstractEntityManagerFactoryBean--Initialized JPA EntityManagerFactory for persistence unit 'default'
2023-03-05 16:54:35,811[WARN ][231][restartedMain] org.springframework.boot.autoconfigure.orm.jpa.JpaBaseConfiguration$JpaWebConfiguration--spring.jpa.open-in-view is enabled by default. Therefore, database queries may be performed during view rendering. Explicitly configure spring.jpa.open-in-view to disable this warning
2023-03-05 16:54:36,808[INFO ][59][restartedMain] org.springframework.boot.devtools.autoconfigure.OptionalLiveReloadServer--LiveReload server is running on port 35729
2023-03-05 16:54:36,813[INFO ][58][restartedMain] org.springframework.boot.actuate.endpoint.web.EndpointLinksResolver--Exposing 1 endpoint(s) beneath base path '/actuator'
2023-03-05 16:54:36,879[INFO ][173][restartedMain] org.apache.juli.logging.DirectJDKLog--Starting ProtocolHandler ["http-nio-8091"]
2023-03-05 16:54:36,903[INFO ][220][restartedMain] org.springframework.boot.web.embedded.tomcat.TomcatWebServer--Tomcat started on port(s): 8091 (http) with context path '/sm-library'
2023-03-05 16:54:36,920[INFO ][57][restartedMain] org.springframework.boot.StartupInfoLogger--Started SmlibraryApplication in 5.68 seconds (process running for 6.396)
2023-03-05 16:57:58,208[INFO ][159][RMI TCP Connection(11)-127.0.0.1] org.springframework.boot.admin.SpringApplicationAdminMXBeanRegistrar$SpringApplicationAdmin--Application shutdown requested.
2023-03-05 16:57:58,222[INFO ][173][RMI TCP Connection(11)-127.0.0.1] org.apache.juli.logging.DirectJDKLog--Pausing ProtocolHandler ["http-nio-8091"]
2023-03-05 16:57:58,222[INFO ][173][RMI TCP Connection(11)-127.0.0.1] org.apache.juli.logging.DirectJDKLog--Stopping service [Tomcat]
2023-03-05 16:57:58,226[INFO ][173][RMI TCP Connection(11)-127.0.0.1] org.apache.juli.logging.DirectJDKLog--Stopping ProtocolHandler ["http-nio-8091"]
2023-03-05 16:57:58,228[INFO ][173][RMI TCP Connection(11)-127.0.0.1] org.apache.juli.logging.DirectJDKLog--Destroying ProtocolHandler ["http-nio-8091"]
2023-03-05 16:57:58,232[INFO ][650][RMI TCP Connection(11)-127.0.0.1] org.springframework.orm.jpa.AbstractEntityManagerFactoryBean--Closing JPA EntityManagerFactory for persistence unit 'default'
2023-03-05 16:57:58,236[INFO ][350][RMI TCP Connection(11)-127.0.0.1] com.zaxxer.hikari.HikariDataSource--HikariPool-1 - Shutdown initiated...
2023-03-05 16:57:58,238[INFO ][352][RMI TCP Connection(11)-127.0.0.1] com.zaxxer.hikari.HikariDataSource--HikariPool-1 - Shutdown completed.
2023-03-05 16:58:00,507[INFO ][21][background-preinit] org.hibernate.validator.internal.util.Version--HV000001: Hibernate Validator 8.0.0.Final
2023-03-05 16:58:00,545[INFO ][51][restartedMain] org.springframework.boot.StartupInfoLogger--Starting SmlibraryApplication using Java 17.0.6 with PID 4932 (C:\HiteshWork\SRIVN_WORKS\Dev\smaster\services\srivn-sm-library\target\classes started by hitesh in C:\HiteshWork\SRIVN_WORKS\Dev\smaster\services\srivn-sm-library)
2023-03-05 16:58:00,546[INFO ][632][restartedMain] org.springframework.boot.SpringApplication--No active profile set, falling back to 1 default profile: "default"
2023-03-05 16:58:00,595[INFO ][250][restartedMain] org.springframework.boot.logging.DeferredLog--Devtools property defaults active! Set 'spring.devtools.add-properties' to 'false' to disable
2023-03-05 16:58:00,595[INFO ][250][restartedMain] org.springframework.boot.logging.DeferredLog--For additional web related logging consider setting the 'logging.level.web' property to 'DEBUG'
2023-03-05 16:58:01,536[INFO ][138][restartedMain] org.springframework.data.repository.config.RepositoryConfigurationDelegate--Bootstrapping Spring Data JPA repositories in DEFAULT mode.
2023-03-05 16:58:01,594[INFO ][208][restartedMain] org.springframework.data.repository.config.RepositoryConfigurationDelegate--Finished Spring Data repository scanning in 50 ms. Found 3 JPA repository interfaces.
2023-03-05 16:58:02,157[INFO ][108][restartedMain] org.springframework.boot.web.embedded.tomcat.TomcatWebServer--Tomcat initialized with port(s): 8091 (http)
2023-03-05 16:58:02,167[INFO ][173][restartedMain] org.apache.juli.logging.DirectJDKLog--Initializing ProtocolHandler ["http-nio-8091"]
2023-03-05 16:58:02,168[INFO ][173][restartedMain] org.apache.juli.logging.DirectJDKLog--Starting service [Tomcat]
2023-03-05 16:58:02,168[INFO ][173][restartedMain] org.apache.juli.logging.DirectJDKLog--Starting Servlet engine: [Apache Tomcat/10.1.5]
2023-03-05 16:58:02,237[INFO ][173][restartedMain] org.apache.juli.logging.DirectJDKLog--Initializing Spring embedded WebApplicationContext
2023-03-05 16:58:02,238[INFO ][291][restartedMain] org.springframework.boot.web.servlet.context.ServletWebServerApplicationContext--Root WebApplicationContext: initialization completed in 1642 ms
2023-03-05 16:58:02,339[INFO ][110][restartedMain] com.zaxxer.hikari.HikariDataSource--HikariPool-1 - Starting...
2023-03-05 16:58:02,553[INFO ][565][restartedMain] com.zaxxer.hikari.pool.HikariPool--HikariPool-1 - Added connection conn0: url=jdbc:h2:file:/data/demo user=SA
2023-03-05 16:58:02,555[INFO ][123][restartedMain] com.zaxxer.hikari.HikariDataSource--HikariPool-1 - Start completed.
2023-03-05 16:58:02,567[INFO ][88][restartedMain] org.springframework.boot.autoconfigure.h2.H2ConsoleAutoConfiguration--H2 console available at '/h2-console'. Database available at 'jdbc:h2:file:/data/demo'
2023-03-05 16:58:02,704[INFO ][31][restartedMain] org.hibernate.jpa.internal.util.LogHelper--HHH000204: Processing PersistenceUnitInfo [name: default]
2023-03-05 16:58:02,752[INFO ][44][restartedMain] org.hibernate.Version--HHH000412: Hibernate ORM core version 6.1.7.Final
2023-03-05 16:58:03,098[INFO ][66][restartedMain] org.hibernate.engine.jdbc.dialect.internal.DialectFactoryImpl--HHH000400: Using dialect: org.hibernate.dialect.H2Dialect
2023-03-05 16:58:03,908[INFO ][51][restartedMain] org.hibernate.engine.transaction.jta.platform.internal.JtaPlatformInitiator--HHH000490: Using JtaPlatform implementation: [org.hibernate.engine.transaction.jta.platform.internal.NoJtaPlatform]
2023-03-05 16:58:03,919[INFO ][437][restartedMain] org.springframework.orm.jpa.AbstractEntityManagerFactoryBean--Initialized JPA EntityManagerFactory for persistence unit 'default'
2023-03-05 16:58:04,371[WARN ][231][restartedMain] org.springframework.boot.autoconfigure.orm.jpa.JpaBaseConfiguration$JpaWebConfiguration--spring.jpa.open-in-view is enabled by default. Therefore, database queries may be performed during view rendering. Explicitly configure spring.jpa.open-in-view to disable this warning
2023-03-05 16:58:05,326[INFO ][59][restartedMain] org.springframework.boot.devtools.autoconfigure.OptionalLiveReloadServer--LiveReload server is running on port 35729
2023-03-05 16:58:05,333[INFO ][58][restartedMain] org.springframework.boot.actuate.endpoint.web.EndpointLinksResolver--Exposing 1 endpoint(s) beneath base path '/actuator'
2023-03-05 16:58:05,400[INFO ][173][restartedMain] org.apache.juli.logging.DirectJDKLog--Starting ProtocolHandler ["http-nio-8091"]
2023-03-05 16:58:05,424[INFO ][220][restartedMain] org.springframework.boot.web.embedded.tomcat.TomcatWebServer--Tomcat started on port(s): 8091 (http) with context path '/sm-library'
2023-03-05 16:58:05,441[INFO ][57][restartedMain] org.springframework.boot.StartupInfoLogger--Started SmlibraryApplication in 5.372 seconds (process running for 6.099)
2023-03-05 16:59:14,405[INFO ][211][File Watcher] org.springframework.boot.devtools.autoconfigure.LocalDevToolsAutoConfiguration$RestartingClassPathChangeChangedEventListener--Restarting due to 1 class path change (0 additions, 0 deletions, 1 modification)
2023-03-05 16:59:14,432[INFO ][173][Thread-6] org.apache.juli.logging.DirectJDKLog--Pausing ProtocolHandler ["http-nio-8091"]
2023-03-05 16:59:14,432[INFO ][173][Thread-6] org.apache.juli.logging.DirectJDKLog--Stopping service [Tomcat]
2023-03-05 16:59:14,441[INFO ][173][Thread-6] org.apache.juli.logging.DirectJDKLog--Stopping ProtocolHandler ["http-nio-8091"]
2023-03-05 16:59:14,443[INFO ][173][Thread-6] org.apache.juli.logging.DirectJDKLog--Destroying ProtocolHandler ["http-nio-8091"]
2023-03-05 16:59:14,447[INFO ][650][Thread-6] org.springframework.orm.jpa.AbstractEntityManagerFactoryBean--Closing JPA EntityManagerFactory for persistence unit 'default'
2023-03-05 16:59:14,451[INFO ][350][Thread-6] com.zaxxer.hikari.HikariDataSource--HikariPool-1 - Shutdown initiated...
2023-03-05 16:59:14,462[INFO ][352][Thread-6] com.zaxxer.hikari.HikariDataSource--HikariPool-1 - Shutdown completed.
2023-03-05 16:59:14,542[INFO ][51][restartedMain] org.springframework.boot.StartupInfoLogger--Starting SmlibraryApplication using Java 17.0.6 with PID 4932 (C:\HiteshWork\SRIVN_WORKS\Dev\smaster\services\srivn-sm-library\target\classes started by hitesh in C:\HiteshWork\SRIVN_WORKS\Dev\smaster\services\srivn-sm-library)
2023-03-05 16:59:14,542[INFO ][632][restartedMain] org.springframework.boot.SpringApplication--No active profile set, falling back to 1 default profile: "default"
2023-03-05 16:59:14,854[INFO ][138][restartedMain] org.springframework.data.repository.config.RepositoryConfigurationDelegate--Bootstrapping Spring Data JPA repositories in DEFAULT mode.
2023-03-05 16:59:14,867[INFO ][208][restartedMain] org.springframework.data.repository.config.RepositoryConfigurationDelegate--Finished Spring Data repository scanning in 13 ms. Found 3 JPA repository interfaces.
2023-03-05 16:59:14,975[INFO ][108][restartedMain] org.springframework.boot.web.embedded.tomcat.TomcatWebServer--Tomcat initialized with port(s): 8091 (http)
2023-03-05 16:59:14,976[INFO ][173][restartedMain] org.apache.juli.logging.DirectJDKLog--Initializing ProtocolHandler ["http-nio-8091"]
2023-03-05 16:59:14,976[INFO ][173][restartedMain] org.apache.juli.logging.DirectJDKLog--Starting service [Tomcat]
2023-03-05 16:59:14,976[INFO ][173][restartedMain] org.apache.juli.logging.DirectJDKLog--Starting Servlet engine: [Apache Tomcat/10.1.5]
2023-03-05 16:59:14,996[INFO ][173][restartedMain] org.apache.juli.logging.DirectJDKLog--Initializing Spring embedded WebApplicationContext
2023-03-05 16:59:14,996[INFO ][291][restartedMain] org.springframework.boot.web.servlet.context.ServletWebServerApplicationContext--Root WebApplicationContext: initialization completed in 452 ms
2023-03-05 16:59:15,028[INFO ][110][restartedMain] com.zaxxer.hikari.HikariDataSource--HikariPool-2 - Starting...
2023-03-05 16:59:15,042[INFO ][565][restartedMain] com.zaxxer.hikari.pool.HikariPool--HikariPool-2 - Added connection conn11: url=jdbc:h2:file:/data/demo user=SA
2023-03-05 16:59:15,043[INFO ][123][restartedMain] com.zaxxer.hikari.HikariDataSource--HikariPool-2 - Start completed.
2023-03-05 16:59:15,044[INFO ][88][restartedMain] org.springframework.boot.autoconfigure.h2.H2ConsoleAutoConfiguration--H2 console available at '/h2-console'. Database available at 'jdbc:h2:file:/data/demo'
2023-03-05 16:59:15,082[INFO ][31][restartedMain] org.hibernate.jpa.internal.util.LogHelper--HHH000204: Processing PersistenceUnitInfo [name: default]
2023-03-05 16:59:15,091[INFO ][66][restartedMain] org.hibernate.engine.jdbc.dialect.internal.DialectFactoryImpl--HHH000400: Using dialect: org.hibernate.dialect.H2Dialect
2023-03-05 16:59:15,151[INFO ][51][restartedMain] org.hibernate.engine.transaction.jta.platform.internal.JtaPlatformInitiator--HHH000490: Using JtaPlatform implementation: [org.hibernate.engine.transaction.jta.platform.internal.NoJtaPlatform]
2023-03-05 16:59:15,152[INFO ][437][restartedMain] org.springframework.orm.jpa.AbstractEntityManagerFactoryBean--Initialized JPA EntityManagerFactory for persistence unit 'default'
2023-03-05 16:59:15,265[WARN ][231][restartedMain] org.springframework.boot.autoconfigure.orm.jpa.JpaBaseConfiguration$JpaWebConfiguration--spring.jpa.open-in-view is enabled by default. Therefore, database queries may be performed during view rendering. Explicitly configure spring.jpa.open-in-view to disable this warning
2023-03-05 16:59:15,805[INFO ][59][restartedMain] org.springframework.boot.devtools.autoconfigure.OptionalLiveReloadServer--LiveReload server is running on port 35729
2023-03-05 16:59:15,809[INFO ][58][restartedMain] org.springframework.boot.actuate.endpoint.web.EndpointLinksResolver--Exposing 1 endpoint(s) beneath base path '/actuator'
2023-03-05 16:59:15,837[INFO ][173][restartedMain] org.apache.juli.logging.DirectJDKLog--Starting ProtocolHandler ["http-nio-8091"]
2023-03-05 16:59:15,840[INFO ][220][restartedMain] org.springframework.boot.web.embedded.tomcat.TomcatWebServer--Tomcat started on port(s): 8091 (http) with context path '/sm-library'
2023-03-05 16:59:15,860[INFO ][57][restartedMain] org.springframework.boot.StartupInfoLogger--Started SmlibraryApplication in 1.346 seconds (process running for 76.518)
2023-03-05 16:59:15,867[INFO ][63][restartedMain] org.springframework.boot.devtools.autoconfigure.ConditionEvaluationDeltaLoggingListener--Condition evaluation unchanged
2023-03-05 17:02:35,521[INFO ][211][File Watcher] org.springframework.boot.devtools.autoconfigure.LocalDevToolsAutoConfiguration$RestartingClassPathChangeChangedEventListener--Restarting due to 1 class path change (0 additions, 0 deletions, 1 modification)
2023-03-05 17:02:35,551[INFO ][173][Thread-8] org.apache.juli.logging.DirectJDKLog--Pausing ProtocolHandler ["http-nio-8091"]
2023-03-05 17:02:35,551[INFO ][173][Thread-8] org.apache.juli.logging.DirectJDKLog--Stopping service [Tomcat]
2023-03-05 17:02:35,555[INFO ][173][Thread-8] org.apache.juli.logging.DirectJDKLog--Stopping ProtocolHandler ["http-nio-8091"]
2023-03-05 17:02:35,558[INFO ][173][Thread-8] org.apache.juli.logging.DirectJDKLog--Destroying ProtocolHandler ["http-nio-8091"]
2023-03-05 17:02:35,563[INFO ][650][Thread-8] org.springframework.orm.jpa.AbstractEntityManagerFactoryBean--Closing JPA EntityManagerFactory for persistence unit 'default'
2023-03-05 17:02:35,566[INFO ][350][Thread-8] com.zaxxer.hikari.HikariDataSource--HikariPool-2 - Shutdown initiated...
2023-03-05 17:02:35,580[INFO ][352][Thread-8] com.zaxxer.hikari.HikariDataSource--HikariPool-2 - Shutdown completed.
2023-03-05 17:02:35,652[INFO ][51][restartedMain] org.springframework.boot.StartupInfoLogger--Starting SmlibraryApplication using Java 17.0.6 with PID 4932 (C:\HiteshWork\SRIVN_WORKS\Dev\smaster\services\srivn-sm-library\target\classes started by hitesh in C:\HiteshWork\SRIVN_WORKS\Dev\smaster\services\srivn-sm-library)
2023-03-05 17:02:35,652[INFO ][632][restartedMain] org.springframework.boot.SpringApplication--No active profile set, falling back to 1 default profile: "default"
2023-03-05 17:02:35,942[INFO ][138][restartedMain] org.springframework.data.repository.config.RepositoryConfigurationDelegate--Bootstrapping Spring Data JPA repositories in DEFAULT mode.
2023-03-05 17:02:35,954[INFO ][208][restartedMain] org.springframework.data.repository.config.RepositoryConfigurationDelegate--Finished Spring Data repository scanning in 12 ms. Found 3 JPA repository interfaces.
2023-03-05 17:02:36,044[INFO ][108][restartedMain] org.springframework.boot.web.embedded.tomcat.TomcatWebServer--Tomcat initialized with port(s): 8091 (http)
2023-03-05 17:02:36,045[INFO ][173][restartedMain] org.apache.juli.logging.DirectJDKLog--Initializing ProtocolHandler ["http-nio-8091"]
2023-03-05 17:02:36,045[INFO ][173][restartedMain] org.apache.juli.logging.DirectJDKLog--Starting service [Tomcat]
2023-03-05 17:02:36,045[INFO ][173][restartedMain] org.apache.juli.logging.DirectJDKLog--Starting Servlet engine: [Apache Tomcat/10.1.5]
2023-03-05 17:02:36,063[INFO ][173][restartedMain] org.apache.juli.logging.DirectJDKLog--Initializing Spring embedded WebApplicationContext
2023-03-05 17:02:36,063[INFO ][291][restartedMain] org.springframework.boot.web.servlet.context.ServletWebServerApplicationContext--Root WebApplicationContext: initialization completed in 409 ms
2023-03-05 17:02:36,092[INFO ][110][restartedMain] com.zaxxer.hikari.HikariDataSource--HikariPool-3 - Starting...
2023-03-05 17:02:36,108[INFO ][565][restartedMain] com.zaxxer.hikari.pool.HikariPool--HikariPool-3 - Added connection conn21: url=jdbc:h2:file:/data/demo user=SA
2023-03-05 17:02:36,109[INFO ][123][restartedMain] com.zaxxer.hikari.HikariDataSource--HikariPool-3 - Start completed.
2023-03-05 17:02:36,109[INFO ][88][restartedMain] org.springframework.boot.autoconfigure.h2.H2ConsoleAutoConfiguration--H2 console available at '/h2-console'. Database available at 'jdbc:h2:file:/data/demo'
2023-03-05 17:02:36,145[INFO ][31][restartedMain] org.hibernate.jpa.internal.util.LogHelper--HHH000204: Processing PersistenceUnitInfo [name: default]
2023-03-05 17:02:36,154[INFO ][66][restartedMain] org.hibernate.engine.jdbc.dialect.internal.DialectFactoryImpl--HHH000400: Using dialect: org.hibernate.dialect.H2Dialect
2023-03-05 17:02:36,200[INFO ][51][restartedMain] org.hibernate.engine.transaction.jta.platform.internal.JtaPlatformInitiator--HHH000490: Using JtaPlatform implementation: [org.hibernate.engine.transaction.jta.platform.internal.NoJtaPlatform]
2023-03-05 17:02:36,201[INFO ][437][restartedMain] org.springframework.orm.jpa.AbstractEntityManagerFactoryBean--Initialized JPA EntityManagerFactory for persistence unit 'default'
2023-03-05 17:02:36,304[WARN ][231][restartedMain] org.springframework.boot.autoconfigure.orm.jpa.JpaBaseConfiguration$JpaWebConfiguration--spring.jpa.open-in-view is enabled by default. Therefore, database queries may be performed during view rendering. Explicitly configure spring.jpa.open-in-view to disable this warning
2023-03-05 17:02:36,775[INFO ][59][restartedMain] org.springframework.boot.devtools.autoconfigure.OptionalLiveReloadServer--LiveReload server is running on port 35729
2023-03-05 17:02:36,779[INFO ][58][restartedMain] org.springframework.boot.actuate.endpoint.web.EndpointLinksResolver--Exposing 1 endpoint(s) beneath base path '/actuator'
2023-03-05 17:02:36,804[INFO ][173][restartedMain] org.apache.juli.logging.DirectJDKLog--Starting ProtocolHandler ["http-nio-8091"]
2023-03-05 17:02:36,808[INFO ][220][restartedMain] org.springframework.boot.web.embedded.tomcat.TomcatWebServer--Tomcat started on port(s): 8091 (http) with context path '/sm-library'
2023-03-05 17:02:36,823[INFO ][57][restartedMain] org.springframework.boot.StartupInfoLogger--Started SmlibraryApplication in 1.198 seconds (process running for 277.482)
2023-03-05 17:02:36,825[INFO ][63][restartedMain] org.springframework.boot.devtools.autoconfigure.ConditionEvaluationDeltaLoggingListener--Condition evaluation unchanged
2023-03-05 17:02:47,597[INFO ][211][File Watcher] org.springframework.boot.devtools.autoconfigure.LocalDevToolsAutoConfiguration$RestartingClassPathChangeChangedEventListener--Restarting due to 1 class path change (0 additions, 0 deletions, 1 modification)
2023-03-05 17:02:47,605[INFO ][173][Thread-12] org.apache.juli.logging.DirectJDKLog--Pausing ProtocolHandler ["http-nio-8091"]
2023-03-05 17:02:47,606[INFO ][173][Thread-12] org.apache.juli.logging.DirectJDKLog--Stopping service [Tomcat]
2023-03-05 17:02:47,608[INFO ][173][Thread-12] org.apache.juli.logging.DirectJDKLog--Stopping ProtocolHandler ["http-nio-8091"]
2023-03-05 17:02:47,609[INFO ][173][Thread-12] org.apache.juli.logging.DirectJDKLog--Destroying ProtocolHandler ["http-nio-8091"]
2023-03-05 17:02:47,611[INFO ][650][Thread-12] org.springframework.orm.jpa.AbstractEntityManagerFactoryBean--Closing JPA EntityManagerFactory for persistence unit 'default'
2023-03-05 17:02:47,611[INFO ][350][Thread-12] com.zaxxer.hikari.HikariDataSource--HikariPool-3 - Shutdown initiated...
2023-03-05 17:02:47,621[INFO ][352][Thread-12] com.zaxxer.hikari.HikariDataSource--HikariPool-3 - Shutdown completed.
2023-03-05 17:02:47,708[INFO ][51][restartedMain] org.springframework.boot.StartupInfoLogger--Starting SmlibraryApplication using Java 17.0.6 with PID 4932 (C:\HiteshWork\SRIVN_WORKS\Dev\smaster\services\srivn-sm-library\target\classes started by hitesh in C:\HiteshWork\SRIVN_WORKS\Dev\smaster\services\srivn-sm-library)
2023-03-05 17:02:47,708[INFO ][632][restartedMain] org.springframework.boot.SpringApplication--No active profile set, falling back to 1 default profile: "default"
2023-03-05 17:02:47,993[INFO ][138][restartedMain] org.springframework.data.repository.config.RepositoryConfigurationDelegate--Bootstrapping Spring Data JPA repositories in DEFAULT mode.
2023-03-05 17:02:48,006[INFO ][208][restartedMain] org.springframework.data.repository.config.RepositoryConfigurationDelegate--Finished Spring Data repository scanning in 12 ms. Found 3 JPA repository interfaces.
2023-03-05 17:02:48,099[INFO ][108][restartedMain] org.springframework.boot.web.embedded.tomcat.TomcatWebServer--Tomcat initialized with port(s): 8091 (http)
2023-03-05 17:02:48,099[INFO ][173][restartedMain] org.apache.juli.logging.DirectJDKLog--Initializing ProtocolHandler ["http-nio-8091"]
2023-03-05 17:02:48,099[INFO ][173][restartedMain] org.apache.juli.logging.DirectJDKLog--Starting service [Tomcat]
2023-03-05 17:02:48,100[INFO ][173][restartedMain] org.apache.juli.logging.DirectJDKLog--Starting Servlet engine: [Apache Tomcat/10.1.5]
2023-03-05 17:02:48,118[INFO ][173][restartedMain] org.apache.juli.logging.DirectJDKLog--Initializing Spring embedded WebApplicationContext
2023-03-05 17:02:48,118[INFO ][291][restartedMain] org.springframework.boot.web.servlet.context.ServletWebServerApplicationContext--Root WebApplicationContext: initialization completed in 408 ms
2023-03-05 17:02:48,145[INFO ][110][restartedMain] com.zaxxer.hikari.HikariDataSource--HikariPool-4 - Starting...
2023-03-05 17:02:48,160[INFO ][565][restartedMain] com.zaxxer.hikari.pool.HikariPool--HikariPool-4 - Added connection conn31: url=jdbc:h2:file:/data/demo user=SA
2023-03-05 17:02:48,160[INFO ][123][restartedMain] com.zaxxer.hikari.HikariDataSource--HikariPool-4 - Start completed.
2023-03-05 17:02:48,161[INFO ][88][restartedMain] org.springframework.boot.autoconfigure.h2.H2ConsoleAutoConfiguration--H2 console available at '/h2-console'. Database available at 'jdbc:h2:file:/data/demo'
2023-03-05 17:02:48,197[INFO ][31][restartedMain] org.hibernate.jpa.internal.util.LogHelper--HHH000204: Processing PersistenceUnitInfo [name: default]
2023-03-05 17:02:48,205[INFO ][66][restartedMain] org.hibernate.engine.jdbc.dialect.internal.DialectFactoryImpl--HHH000400: Using dialect: org.hibernate.dialect.H2Dialect
2023-03-05 17:02:48,251[INFO ][51][restartedMain] org.hibernate.engine.transaction.jta.platform.internal.JtaPlatformInitiator--HHH000490: Using JtaPlatform implementation: [org.hibernate.engine.transaction.jta.platform.internal.NoJtaPlatform]
2023-03-05 17:02:48,251[INFO ][437][restartedMain] org.springframework.orm.jpa.AbstractEntityManagerFactoryBean--Initialized JPA EntityManagerFactory for persistence unit 'default'
2023-03-05 17:02:48,357[WARN ][231][restartedMain] org.springframework.boot.autoconfigure.orm.jpa.JpaBaseConfiguration$JpaWebConfiguration--spring.jpa.open-in-view is enabled by default. Therefore, database queries may be performed during view rendering. Explicitly configure spring.jpa.open-in-view to disable this warning
2023-03-05 17:02:48,879[INFO ][59][restartedMain] org.springframework.boot.devtools.autoconfigure.OptionalLiveReloadServer--LiveReload server is running on port 35729
2023-03-05 17:02:48,883[INFO ][58][restartedMain] org.springframework.boot.actuate.endpoint.web.EndpointLinksResolver--Exposing 1 endpoint(s) beneath base path '/actuator'
2023-03-05 17:02:48,913[INFO ][173][restartedMain] org.apache.juli.logging.DirectJDKLog--Starting ProtocolHandler ["http-nio-8091"]
2023-03-05 17:02:48,916[INFO ][220][restartedMain] org.springframework.boot.web.embedded.tomcat.TomcatWebServer--Tomcat started on port(s): 8091 (http) with context path '/sm-library'
2023-03-05 17:02:48,929[INFO ][57][restartedMain] org.springframework.boot.StartupInfoLogger--Started SmlibraryApplication in 1.251 seconds (process running for 289.588)
2023-03-05 17:02:48,932[INFO ][63][restartedMain] org.springframework.boot.devtools.autoconfigure.ConditionEvaluationDeltaLoggingListener--Condition evaluation unchanged
2023-03-05 17:02:56,547[INFO ][211][File Watcher] org.springframework.boot.devtools.autoconfigure.LocalDevToolsAutoConfiguration$RestartingClassPathChangeChangedEventListener--Restarting due to 1 class path change (0 additions, 0 deletions, 1 modification)
2023-03-05 17:02:56,578[INFO ][173][Thread-16] org.apache.juli.logging.DirectJDKLog--Pausing ProtocolHandler ["http-nio-8091"]
2023-03-05 17:02:56,579[INFO ][173][Thread-16] org.apache.juli.logging.DirectJDKLog--Stopping service [Tomcat]
2023-03-05 17:02:56,582[INFO ][173][Thread-16] org.apache.juli.logging.DirectJDKLog--Stopping ProtocolHandler ["http-nio-8091"]
2023-03-05 17:02:56,584[INFO ][173][Thread-16] org.apache.juli.logging.DirectJDKLog--Destroying ProtocolHandler ["http-nio-8091"]
2023-03-05 17:02:56,587[INFO ][650][Thread-16] org.springframework.orm.jpa.AbstractEntityManagerFactoryBean--Closing JPA EntityManagerFactory for persistence unit 'default'
2023-03-05 17:02:56,589[INFO ][350][Thread-16] com.zaxxer.hikari.HikariDataSource--HikariPool-4 - Shutdown initiated...
2023-03-05 17:02:56,594[INFO ][352][Thread-16] com.zaxxer.hikari.HikariDataSource--HikariPool-4 - Shutdown completed.
